# JRE version: Java(TM) SE Runtime Environment (8.0_45-b14) (build 1.8.0_45-b14)
# Java VM: Java HotSpot(TM) 64-Bit Server VM (25.45-b02 mixed mode bsd-amd64 compressed oops)
Heap:
 PSYoungGen      total 43520K, used 34654K [0x00000007aab00000, 0x00000007b0400000, 0x00000007c0000000)
  eden space 32256K, 72% used [0x00000007aab00000,0x00000007ac1d7b98,0x00000007aca80000)
  from space 11264K, 99% used [0x00000007aca80000,0x00000007ad57fc68,0x00000007ad580000)
  to   space 13824K, 0% used [0x00000007af680000,0x00000007af680000,0x00000007b0400000)
 ParOldGen       total 35328K, used 9994K [0x0000000780000000, 0x0000000782280000, 0x00000007aab00000)
  object space 35328K, 28% used [0x0000000780000000,0x00000007809c2a20,0x0000000782280000)
 Metaspace       used 23586K, capacity 24994K, committed 25088K, reserved 1071104K
  class space    used 3246K, capacity 3528K, committed 3584K, reserved 1048576K
GC Heap History (10 events):
Event: 44.625 GC heap before
{Heap before GC invocations=4 (full 0):
 PSYoungGen      total 18944K, used 18936K [0x00000007aab00000, 0x00000007ac000000, 0x00000007c0000000)
  eden space 16384K, 100% used [0x00000007aab00000,0x00000007abb00000,0x00000007abb00000)
  from space 2560K, 99% used [0x00000007abb00000,0x00000007abd7e150,0x00000007abd80000)
  to   space 2560K, 0% used [0x00000007abd80000,0x00000007abd80000,0x00000007ac000000)
 ParOldGen       total 44032K, used 7525K [0x0000000780000000, 0x0000000782b00000, 0x00000007aab00000)
  object space 44032K, 17% used [0x0000000780000000,0x00000007807597a8,0x0000000782b00000)
 Metaspace       used 19585K, capacity 20460K, committed 20736K, reserved 1067008K
  class space    used 2770K, capacity 2994K, committed 3072K, reserved 1048576K
Event: 44.647 GC heap after
Heap after GC invocations=4 (full 0):
 PSYoungGen      total 18944K, used 2536K [0x00000007aab00000, 0x00000007ad000000, 0x00000007c0000000)
  eden space 16384K, 0% used [0x00000007aab00000,0x00000007aab00000,0x00000007abb00000)
  from space 2560K, 99% used [0x00000007abd80000,0x00000007abffa140,0x00000007ac000000)
  to   space 2560K, 0% used [0x00000007abb00000,0x00000007abb00000,0x00000007abd80000)
 ParOldGen       total 44032K, used 15117K [0x0000000780000000, 0x0000000782b00000, 0x00000007aab00000)
  object space 44032K, 34% used [0x0000000780000000,0x0000000780ec3598,0x0000000782b00000)
 Metaspace       used 19585K, capacity 20460K, committed 20736K, reserved 1067008K
  class space    used 2770K, capacity 2994K, committed 3072K, reserved 1048576K
}
Event: 44.822 GC heap before
{Heap before GC invocations=5 (full 0):
 PSYoungGen      total 18944K, used 12739K [0x00000007aab00000, 0x00000007ad000000, 0x00000007c0000000)
  eden space 16384K, 62% used [0x00000007aab00000,0x00000007ab4f6b70,0x00000007abb00000)
  from space 2560K, 99% used [0x00000007abd80000,0x00000007abffa140,0x00000007ac000000)
  to   space 2560K, 0% used [0x00000007abb00000,0x00000007abb00000,0x00000007abd80000)
 ParOldGen       total 44032K, used 15117K [0x0000000780000000, 0x0000000782b00000, 0x00000007aab00000)
  object space 44032K, 34% used [0x0000000780000000,0x0000000780ec3598,0x0000000782b00000)
 Metaspace       used 20212K, capacity 21168K, committed 21296K, reserved 1067008K
  class space    used 2880K, capacity 3108K, committed 3200K, reserved 1048576K
Event: 44.836 GC heap after
Heap after GC invocations=5 (full 0):
 PSYoungGen      total 18944K, used 2528K [0x00000007aab00000, 0x00000007ae200000, 0x00000007c0000000)
  eden space 16384K, 0% used [0x00000007aab00000,0x00000007aab00000,0x00000007abb00000)
  from space 2560K, 98% used [0x00000007abb00000,0x00000007abd783f8,0x00000007abd80000)
  to   space 11776K, 0% used [0x00000007ad680000,0x00000007ad680000,0x00000007ae200000)
 ParOldGen       total 44032K, used 17234K [0x0000000780000000, 0x0000000782b00000, 0x00000007aab00000)
  object space 44032K, 39% used [0x0000000780000000,0x00000007810d48e0,0x0000000782b00000)
 Metaspace       used 20212K, capacity 21168K, committed 21296K, reserved 1067008K
  class space    used 2880K, capacity 3108K, committed 3200K, reserved 1048576K
}
Event: 44.836 GC heap before
{Heap before GC invocations=6 (full 1):
 PSYoungGen      total 18944K, used 2528K [0x00000007aab00000, 0x00000007ae200000, 0x00000007c0000000)
  eden space 16384K, 0% used [0x00000007aab00000,0x00000007aab00000,0x00000007abb00000)
  from space 2560K, 98% used [0x00000007abb00000,0x00000007abd783f8,0x00000007abd80000)
  to   space 11776K, 0% used [0x00000007ad680000,0x00000007ad680000,0x00000007ae200000)
 ParOldGen       total 44032K, used 17234K [0x0000000780000000, 0x0000000782b00000, 0x00000007aab00000)
  object space 44032K, 39% used [0x0000000780000000,0x00000007810d48e0,0x0000000782b00000)
 Metaspace       used 20212K, capacity 21168K, committed 21296K, reserved 1067008K
  class space    used 2880K, capacity 3108K, committed 3200K, reserved 1048576K
Event: 44.884 GC heap after
Heap after GC invocations=6 (full 1):
 PSYoungGen      total 18944K, used 0K [0x00000007aab00000, 0x00000007ae200000, 0x00000007c0000000)
  eden space 16384K, 0% used [0x00000007aab00000,0x00000007aab00000,0x00000007abb00000)
  from space 2560K, 0% used [0x00000007abb00000,0x00000007abb00000,0x00000007abd80000)
  to   space 11776K, 0% used [0x00000007ad680000,0x00000007ad680000,0x00000007ae200000)
 ParOldGen       total 35328K, used 9346K [0x0000000780000000, 0x0000000782280000, 0x00000007aab00000)
  object space 35328K, 26% used [0x0000000780000000,0x0000000780920a20,0x0000000782280000)
 Metaspace       used 20212K, capacity 21168K, committed 21296K, reserved 1067008K
  class space    used 2880K, capacity 3108K, committed 3200K, reserved 1048576K
}
Event: 69.753 GC heap before
{Heap before GC invocations=7 (full 1):
 PSYoungGen      total 18944K, used 14847K [0x00000007aab00000, 0x00000007ae200000, 0x00000007c0000000)
  eden space 16384K, 90% used [0x00000007aab00000,0x00000007ab97fca0,0x00000007abb00000)
  from space 2560K, 0% used [0x00000007abb00000,0x00000007abb00000,0x00000007abd80000)
  to   space 11776K, 0% used [0x00000007ad680000,0x00000007ad680000,0x00000007ae200000)
 ParOldGen       total 35328K, used 9346K [0x0000000780000000, 0x0000000782280000, 0x00000007aab00000)
  object space 35328K, 26% used [0x0000000780000000,0x0000000780920a20,0x0000000782280000)
 Metaspace       used 22109K, capacity 23412K, committed 23680K, reserved 1069056K
  class space    used 3132K, capacity 3397K, committed 3456K, reserved 1048576K
Event: 69.766 GC heap after
Heap after GC invocations=7 (full 1):
 PSYoungGen      total 42496K, used 3528K [0x00000007aab00000, 0x00000007ae080000, 0x00000007c0000000)
  eden space 32256K, 0% used [0x00000007aab00000,0x00000007aab00000,0x00000007aca80000)
  from space 10240K, 34% used [0x00000007ad680000,0x00000007ad9f22f8,0x00000007ae080000)
  to   space 11264K, 0% used [0x00000007aca80000,0x00000007aca80000,0x00000007ad580000)
 ParOldGen       total 35328K, used 9354K [0x0000000780000000, 0x0000000782280000, 0x00000007aab00000)
  object space 35328K, 26% used [0x0000000780000000,0x0000000780922a20,0x0000000782280000)
 Metaspace       used 22109K, capacity 23412K, committed 23680K, reserved 1069056K
  class space    used 3132K, capacity 3397K, committed 3456K, reserved 1048576K
}
Event: 195.946 GC heap before
{Heap before GC invocations=8 (full 1):
 PSYoungGen      total 42496K, used 35784K [0x00000007aab00000, 0x00000007ae080000, 0x00000007c0000000)
  eden space 32256K, 100% used [0x00000007aab00000,0x00000007aca80000,0x00000007aca80000)
  from space 10240K, 34% used [0x00000007ad680000,0x00000007ad9f22f8,0x00000007ae080000)
  to   space 11264K, 0% used [0x00000007aca80000,0x00000007aca80000,0x00000007ad580000)
 ParOldGen       total 35328K, used 9354K [0x0000000780000000, 0x0000000782280000, 0x00000007aab00000)
  object space 35328K, 26% used [0x0000000780000000,0x0000000780922a20,0x0000000782280000)
 Metaspace       used 23399K, capacity 24834K, committed 25088K, reserved 1071104K
  class space    used 3239K, capacity 3520K, committed 3584K, reserved 1048576K
Event: 195.961 GC heap after
Heap after GC invocations=8 (full 1):
 PSYoungGen      total 43520K, used 11263K [0x00000007aab00000, 0x00000007b0400000, 0x00000007c0000000)
  eden space 32256K, 0% used [0x00000007aab00000,0x00000007aab00000,0x00000007aca80000)
  from space 11264K, 99% used [0x00000007aca80000,0x00000007ad57fc68,0x00000007ad580000)
  to   space 13824K, 0% used [0x00000007af680000,0x00000007af680000,0x00000007b0400000)
 ParOldGen       total 35328K, used 9994K [0x0000000780000000, 0x0000000782280000, 0x00000007aab00000)
  object space 35328K, 28% used [0x0000000780000000,0x00000007809c2a20,0x0000000782280000)
 Metaspace       used 23399K, capacity 24834K, committed 25088K, reserved 1071104K
  class space    used 3239K, capacity 3520K, committed 3584K, reserved 1048576K
}

