# JRE version: Java(TM) SE Runtime Environment (8.0_45-b14) (build 1.8.0_45-b14)
# Java VM: Java HotSpot(TM) 64-Bit Server VM (25.45-b02 mixed mode bsd-amd64 compressed oops)
Heap:
 PSYoungGen      total 93184K, used 1122K [0x00000007aab00000, 0x00000007b1380000, 0x00000007c0000000)
  eden space 83456K, 1% used [0x00000007aab00000,0x00000007aabd0bc8,0x00000007afc80000)
  from space 9728K, 2% used [0x00000007b0a00000,0x00000007b0a48000,0x00000007b1380000)
  to   space 11776K, 0% used [0x00000007afc80000,0x00000007afc80000,0x00000007b0800000)
 ParOldGen       total 38400K, used 12367K [0x0000000780000000, 0x0000000782580000, 0x00000007aab00000)
  object space 38400K, 32% used [0x0000000780000000,0x0000000780c13c00,0x0000000782580000)
 Metaspace       used 21472K, capacity 22732K, committed 23040K, reserved 1069056K
  class space    used 2994K, capacity 3259K, committed 3328K, reserved 1048576K
GC Heap History (10 events):
Event: 27.934 GC heap before
{Heap before GC invocations=7 (full 1):
 PSYoungGen      total 18944K, used 16384K [0x00000007aab00000, 0x00000007ae200000, 0x00000007c0000000)
  eden space 16384K, 100% used [0x00000007aab00000,0x00000007abb00000,0x00000007abb00000)
  from space 2560K, 0% used [0x00000007abb00000,0x00000007abb00000,0x00000007abd80000)
  to   space 11776K, 0% used [0x00000007ad680000,0x00000007ad680000,0x00000007ae200000)
 ParOldGen       total 38400K, used 11205K [0x0000000780000000, 0x0000000782580000, 0x00000007aab00000)
  object space 38400K, 29% used [0x0000000780000000,0x0000000780af17e0,0x0000000782580000)
 Metaspace       used 20896K, capacity 22090K, committed 22272K, reserved 1069056K
  class space    used 2977K, capacity 3246K, committed 3328K, reserved 1048576K
Event: 27.938 GC heap after
Heap after GC invocations=7 (full 1):
 PSYoungGen      total 42496K, used 1443K [0x00000007aab00000, 0x00000007ae180000, 0x00000007c0000000)
  eden space 31232K, 0% used [0x00000007aab00000,0x00000007aab00000,0x00000007ac980000)
  from space 11264K, 12% used [0x00000007ad680000,0x00000007ad7e8d80,0x00000007ae180000)
  to   space 12288K, 0% used [0x00000007ac980000,0x00000007ac980000,0x00000007ad580000)
 ParOldGen       total 38400K, used 11213K [0x0000000780000000, 0x0000000782580000, 0x00000007aab00000)
  object space 38400K, 29% used [0x0000000780000000,0x0000000780af37e0,0x0000000782580000)
 Metaspace       used 20896K, capacity 22090K, committed 22272K, reserved 1069056K
  class space    used 2977K, capacity 3246K, committed 3328K, reserved 1048576K
}
Event: 28.656 GC heap before
{Heap before GC invocations=8 (full 1):
 PSYoungGen      total 42496K, used 32675K [0x00000007aab00000, 0x00000007ae180000, 0x00000007c0000000)
  eden space 31232K, 100% used [0x00000007aab00000,0x00000007ac980000,0x00000007ac980000)
  from space 11264K, 12% used [0x00000007ad680000,0x00000007ad7e8d80,0x00000007ae180000)
  to   space 12288K, 0% used [0x00000007ac980000,0x00000007ac980000,0x00000007ad580000)
 ParOldGen       total 38400K, used 11213K [0x0000000780000000, 0x0000000782580000, 0x00000007aab00000)
  object space 38400K, 29% used [0x0000000780000000,0x0000000780af37e0,0x0000000782580000)
 Metaspace       used 20940K, capacity 22158K, committed 22272K, reserved 1069056K
  class space    used 2977K, capacity 3246K, committed 3328K, reserved 1048576K
Event: 28.658 GC heap after
Heap after GC invocations=8 (full 1):
 PSYoungGen      total 43520K, used 1349K [0x00000007aab00000, 0x00000007afc00000, 0x00000007c0000000)
  eden space 31232K, 0% used [0x00000007aab00000,0x00000007aab00000,0x00000007ac980000)
  from space 12288K, 10% used [0x00000007ac980000,0x00000007acad15a8,0x00000007ad580000)
  to   space 12288K, 0% used [0x00000007af000000,0x00000007af000000,0x00000007afc00000)
 ParOldGen       total 38400K, used 11221K [0x0000000780000000, 0x0000000782580000, 0x00000007aab00000)
  object space 38400K, 29% used [0x0000000780000000,0x0000000780af57e0,0x0000000782580000)
 Metaspace       used 20940K, capacity 22158K, committed 22272K, reserved 1069056K
  class space    used 2977K, capacity 3246K, committed 3328K, reserved 1048576K
}
Event: 29.715 GC heap before
{Heap before GC invocations=9 (full 1):
 PSYoungGen      total 43520K, used 32581K [0x00000007aab00000, 0x00000007afc00000, 0x00000007c0000000)
  eden space 31232K, 100% used [0x00000007aab00000,0x00000007ac980000,0x00000007ac980000)
  from space 12288K, 10% used [0x00000007ac980000,0x00000007acad15a8,0x00000007ad580000)
  to   space 12288K, 0% used [0x00000007af000000,0x00000007af000000,0x00000007afc00000)
 ParOldGen       total 38400K, used 11221K [0x0000000780000000, 0x0000000782580000, 0x00000007aab00000)
  object space 38400K, 29% used [0x0000000780000000,0x0000000780af57e0,0x0000000782580000)
 Metaspace       used 20953K, capacity 22158K, committed 22272K, reserved 1069056K
  class space    used 2977K, capacity 3246K, committed 3328K, reserved 1048576K
Event: 29.719 GC heap after
Heap after GC invocations=9 (full 1):
 PSYoungGen      total 68608K, used 1461K [0x00000007aab00000, 0x00000007afb00000, 0x00000007c0000000)
  eden space 57344K, 0% used [0x00000007aab00000,0x00000007aab00000,0x00000007ae300000)
  from space 11264K, 12% used [0x00000007af000000,0x00000007af16d428,0x00000007afb00000)
  to   space 12288K, 0% used [0x00000007ae300000,0x00000007ae300000,0x00000007aef00000)
 ParOldGen       total 38400K, used 11221K [0x0000000780000000, 0x0000000782580000, 0x00000007aab00000)
  object space 38400K, 29% used [0x0000000780000000,0x0000000780af57e0,0x0000000782580000)
 Metaspace       used 20953K, capacity 22158K, committed 22272K, reserved 1069056K
  class space    used 2977K, capacity 3246K, committed 3328K, reserved 1048576K
}
Event: 30.870 GC heap before
{Heap before GC invocations=10 (full 1):
 PSYoungGen      total 68608K, used 58734K [0x00000007aab00000, 0x00000007afb00000, 0x00000007c0000000)
  eden space 57344K, 99% used [0x00000007aab00000,0x00000007ae2ee6a0,0x00000007ae300000)
  from space 11264K, 12% used [0x00000007af000000,0x00000007af16d428,0x00000007afb00000)
  to   space 12288K, 0% used [0x00000007ae300000,0x00000007ae300000,0x00000007aef00000)
 ParOldGen       total 38400K, used 11221K [0x0000000780000000, 0x0000000782580000, 0x00000007aab00000)
  object space 38400K, 29% used [0x0000000780000000,0x0000000780af57e0,0x0000000782580000)
 Metaspace       used 20964K, capacity 22158K, committed 22272K, reserved 1069056K
  class space    used 2977K, capacity 3246K, committed 3328K, reserved 1048576K
Event: 30.873 GC heap after
Heap after GC invocations=10 (full 1):
 PSYoungGen      total 69632K, used 286K [0x00000007aab00000, 0x00000007b1600000, 0x00000007c0000000)
  eden space 57344K, 0% used [0x00000007aab00000,0x00000007aab00000,0x00000007ae300000)
  from space 12288K, 2% used [0x00000007ae300000,0x00000007ae3478b0,0x00000007aef00000)
  to   space 12288K, 0% used [0x00000007b0a00000,0x00000007b0a00000,0x00000007b1600000)
 ParOldGen       total 38400K, used 12359K [0x0000000780000000, 0x0000000782580000, 0x00000007aab00000)
  object space 38400K, 32% used [0x0000000780000000,0x0000000780c11c00,0x0000000782580000)
 Metaspace       used 20964K, capacity 22158K, committed 22272K, reserved 1069056K
  class space    used 2977K, capacity 3246K, committed 3328K, reserved 1048576K
}
Event: 94.784 GC heap before
{Heap before GC invocations=11 (full 1):
 PSYoungGen      total 69632K, used 57630K [0x00000007aab00000, 0x00000007b1600000, 0x00000007c0000000)
  eden space 57344K, 100% used [0x00000007aab00000,0x00000007ae300000,0x00000007ae300000)
  from space 12288K, 2% used [0x00000007ae300000,0x00000007ae3478b0,0x00000007aef00000)
  to   space 12288K, 0% used [0x00000007b0a00000,0x00000007b0a00000,0x00000007b1600000)
 ParOldGen       total 38400K, used 12359K [0x0000000780000000, 0x0000000782580000, 0x00000007aab00000)
  object space 38400K, 32% used [0x0000000780000000,0x0000000780c11c00,0x0000000782580000)
 Metaspace       used 21460K, capacity 22732K, committed 23040K, reserved 1069056K
  class space    used 2992K, capacity 3259K, committed 3328K, reserved 1048576K
Event: 94.800 GC heap after
Heap after GC invocations=11 (full 1):
 PSYoungGen      total 93184K, used 288K [0x00000007aab00000, 0x00000007b1380000, 0x00000007c0000000)
  eden space 83456K, 0% used [0x00000007aab00000,0x00000007aab00000,0x00000007afc80000)
  from space 9728K, 2% used [0x00000007b0a00000,0x00000007b0a48000,0x00000007b1380000)
  to   space 11776K, 0% used [0x00000007afc80000,0x00000007afc80000,0x00000007b0800000)
 ParOldGen       total 38400K, used 12367K [0x0000000780000000, 0x0000000782580000, 0x00000007aab00000)
  object space 38400K, 32% used [0x0000000780000000,0x0000000780c13c00,0x0000000782580000)
 Metaspace       used 21460K, capacity 22732K, committed 23040K, reserved 1069056K
  class space    used 2992K, capacity 3259K, committed 3328K, reserved 1048576K
}

