# JRE version: Java(TM) SE Runtime Environment (8.0_45-b14) (build 1.8.0_45-b14)
# Java VM: Java HotSpot(TM) 64-Bit Server VM (25.45-b02 mixed mode bsd-amd64 compressed oops)
Heap:
 PSYoungGen      total 43520K, used 14905K [0x00000007aab00000, 0x00000007afd00000, 0x00000007c0000000)
  eden space 29696K, 5% used [0x00000007aab00000,0x00000007aac986d8,0x00000007ac800000)
  from space 13824K, 96% used [0x00000007ac800000,0x00000007ad4f6060,0x00000007ad580000)
  to   space 15872K, 0% used [0x00000007aed80000,0x00000007aed80000,0x00000007afd00000)
 ParOldGen       total 41472K, used 11641K [0x0000000780000000, 0x0000000782880000, 0x00000007aab00000)
  object space 41472K, 28% used [0x0000000780000000,0x0000000780b5e710,0x0000000782880000)
 Metaspace       used 22122K, capacity 23354K, committed 23424K, reserved 1069056K
  class space    used 3127K, capacity 3410K, committed 3456K, reserved 1048576K
GC Heap History (10 events):
Event: 10.417 GC heap before
{Heap before GC invocations=4 (full 0):
 PSYoungGen      total 18944K, used 18912K [0x00000007aab00000, 0x00000007ac000000, 0x00000007c0000000)
  eden space 16384K, 100% used [0x00000007aab00000,0x00000007abb00000,0x00000007abb00000)
  from space 2560K, 98% used [0x00000007abb00000,0x00000007abd78040,0x00000007abd80000)
  to   space 2560K, 0% used [0x00000007abd80000,0x00000007abd80000,0x00000007ac000000)
 ParOldGen       total 44032K, used 15149K [0x0000000780000000, 0x0000000782b00000, 0x00000007aab00000)
  object space 44032K, 34% used [0x0000000780000000,0x0000000780ecb660,0x0000000782b00000)
 Metaspace       used 18364K, capacity 19232K, committed 19584K, reserved 1067008K
  class space    used 2590K, capacity 2820K, committed 2944K, reserved 1048576K
Event: 10.431 GC heap after
Heap after GC invocations=4 (full 0):
 PSYoungGen      total 18944K, used 2556K [0x00000007aab00000, 0x00000007ad000000, 0x00000007c0000000)
  eden space 16384K, 0% used [0x00000007aab00000,0x00000007aab00000,0x00000007abb00000)
  from space 2560K, 99% used [0x00000007abd80000,0x00000007abfff078,0x00000007ac000000)
  to   space 2560K, 0% used [0x00000007abb00000,0x00000007abb00000,0x00000007abd80000)
 ParOldGen       total 44032K, used 18787K [0x0000000780000000, 0x0000000782b00000, 0x00000007aab00000)
  object space 44032K, 42% used [0x0000000780000000,0x0000000781258d30,0x0000000782b00000)
 Metaspace       used 18364K, capacity 19232K, committed 19584K, reserved 1067008K
  class space    used 2590K, capacity 2820K, committed 2944K, reserved 1048576K
}
Event: 10.828 GC heap before
{Heap before GC invocations=5 (full 0):
 PSYoungGen      total 18944K, used 14730K [0x00000007aab00000, 0x00000007ad000000, 0x00000007c0000000)
  eden space 16384K, 74% used [0x00000007aab00000,0x00000007ab6e3ae8,0x00000007abb00000)
  from space 2560K, 99% used [0x00000007abd80000,0x00000007abfff078,0x00000007ac000000)
  to   space 2560K, 0% used [0x00000007abb00000,0x00000007abb00000,0x00000007abd80000)
 ParOldGen       total 44032K, used 18787K [0x0000000780000000, 0x0000000782b00000, 0x00000007aab00000)
  object space 44032K, 42% used [0x0000000780000000,0x0000000781258d30,0x0000000782b00000)
 Metaspace       used 20154K, capacity 21292K, committed 21296K, reserved 1067008K
  class space    used 2928K, capacity 3197K, committed 3200K, reserved 1048576K
Event: 10.842 GC heap after
Heap after GC invocations=5 (full 0):
 PSYoungGen      total 18944K, used 2556K [0x00000007aab00000, 0x00000007ae400000, 0x00000007c0000000)
  eden space 16384K, 0% used [0x00000007aab00000,0x00000007aab00000,0x00000007abb00000)
  from space 2560K, 99% used [0x00000007abb00000,0x00000007abd7f3e8,0x00000007abd80000)
  to   space 12800K, 0% used [0x00000007ad780000,0x00000007ad780000,0x00000007ae400000)
 ParOldGen       total 44032K, used 21716K [0x0000000780000000, 0x0000000782b00000, 0x00000007aab00000)
  object space 44032K, 49% used [0x0000000780000000,0x00000007815352b0,0x0000000782b00000)
 Metaspace       used 20154K, capacity 21292K, committed 21296K, reserved 1067008K
  class space    used 2928K, capacity 3197K, committed 3200K, reserved 1048576K
}
Event: 10.842 GC heap before
{Heap before GC invocations=6 (full 1):
 PSYoungGen      total 18944K, used 2556K [0x00000007aab00000, 0x00000007ae400000, 0x00000007c0000000)
  eden space 16384K, 0% used [0x00000007aab00000,0x00000007aab00000,0x00000007abb00000)
  from space 2560K, 99% used [0x00000007abb00000,0x00000007abd7f3e8,0x00000007abd80000)
  to   space 12800K, 0% used [0x00000007ad780000,0x00000007ad780000,0x00000007ae400000)
 ParOldGen       total 44032K, used 21716K [0x0000000780000000, 0x0000000782b00000, 0x00000007aab00000)
  object space 44032K, 49% used [0x0000000780000000,0x00000007815352b0,0x0000000782b00000)
 Metaspace       used 20154K, capacity 21292K, committed 21296K, reserved 1067008K
  class space    used 2928K, capacity 3197K, committed 3200K, reserved 1048576K
Event: 10.904 GC heap after
Heap after GC invocations=6 (full 1):
 PSYoungGen      total 18944K, used 0K [0x00000007aab00000, 0x00000007ae400000, 0x00000007c0000000)
  eden space 16384K, 0% used [0x00000007aab00000,0x00000007aab00000,0x00000007abb00000)
  from space 2560K, 0% used [0x00000007abb00000,0x00000007abb00000,0x00000007abd80000)
  to   space 12800K, 0% used [0x00000007ad780000,0x00000007ad780000,0x00000007ae400000)
 ParOldGen       total 41472K, used 11625K [0x0000000780000000, 0x0000000782880000, 0x00000007aab00000)
  object space 41472K, 28% used [0x0000000780000000,0x0000000780b5a710,0x0000000782880000)
 Metaspace       used 20154K, capacity 21292K, committed 21296K, reserved 1067008K
  class space    used 2928K, capacity 3197K, committed 3200K, reserved 1048576K
}
Event: 14.921 GC heap before
{Heap before GC invocations=7 (full 1):
 PSYoungGen      total 18944K, used 16384K [0x00000007aab00000, 0x00000007ae400000, 0x00000007c0000000)
  eden space 16384K, 100% used [0x00000007aab00000,0x00000007abb00000,0x00000007abb00000)
  from space 2560K, 0% used [0x00000007abb00000,0x00000007abb00000,0x00000007abd80000)
  to   space 12800K, 0% used [0x00000007ad780000,0x00000007ad780000,0x00000007ae400000)
 ParOldGen       total 41472K, used 11625K [0x0000000780000000, 0x0000000782880000, 0x00000007aab00000)
  object space 41472K, 28% used [0x0000000780000000,0x0000000780b5a710,0x0000000782880000)
 Metaspace       used 21767K, capacity 22976K, committed 23168K, reserved 1069056K
  class space    used 3110K, capacity 3371K, committed 3456K, reserved 1048576K
Event: 14.953 GC heap after
Heap after GC invocations=7 (full 1):
 PSYoungGen      total 41472K, used 10772K [0x00000007aab00000, 0x00000007ae300000, 0x00000007c0000000)
  eden space 29696K, 0% used [0x00000007aab00000,0x00000007aab00000,0x00000007ac800000)
  from space 11776K, 91% used [0x00000007ad780000,0x00000007ae205308,0x00000007ae300000)
  to   space 13824K, 0% used [0x00000007ac800000,0x00000007ac800000,0x00000007ad580000)
 ParOldGen       total 41472K, used 11633K [0x0000000780000000, 0x0000000782880000, 0x00000007aab00000)
  object space 41472K, 28% used [0x0000000780000000,0x0000000780b5c710,0x0000000782880000)
 Metaspace       used 21767K, capacity 22976K, committed 23168K, reserved 1069056K
  class space    used 3110K, capacity 3371K, committed 3456K, reserved 1048576K
}
Event: 34.621 GC heap before
{Heap before GC invocations=8 (full 1):
 PSYoungGen      total 41472K, used 40468K [0x00000007aab00000, 0x00000007ae300000, 0x00000007c0000000)
  eden space 29696K, 100% used [0x00000007aab00000,0x00000007ac800000,0x00000007ac800000)
  from space 11776K, 91% used [0x00000007ad780000,0x00000007ae205308,0x00000007ae300000)
  to   space 13824K, 0% used [0x00000007ac800000,0x00000007ac800000,0x00000007ad580000)
 ParOldGen       total 41472K, used 11633K [0x0000000780000000, 0x0000000782880000, 0x00000007aab00000)
  object space 41472K, 28% used [0x0000000780000000,0x0000000780b5c710,0x0000000782880000)
 Metaspace       used 22102K, capacity 23328K, committed 23424K, reserved 1069056K
  class space    used 3122K, capacity 3403K, committed 3456K, reserved 1048576K
Event: 34.635 GC heap after
Heap after GC invocations=8 (full 1):
 PSYoungGen      total 43520K, used 13272K [0x00000007aab00000, 0x00000007afd00000, 0x00000007c0000000)
  eden space 29696K, 0% used [0x00000007aab00000,0x00000007aab00000,0x00000007ac800000)
  from space 13824K, 96% used [0x00000007ac800000,0x00000007ad4f6060,0x00000007ad580000)
  to   space 15872K, 0% used [0x00000007aed80000,0x00000007aed80000,0x00000007afd00000)
 ParOldGen       total 41472K, used 11641K [0x0000000780000000, 0x0000000782880000, 0x00000007aab00000)
  object space 41472K, 28% used [0x0000000780000000,0x0000000780b5e710,0x0000000782880000)
 Metaspace       used 22102K, capacity 23328K, committed 23424K, reserved 1069056K
  class space    used 3122K, capacity 3403K, committed 3456K, reserved 1048576K
}

